{"level":"error","message":"Wrong password..Login UnSuccessfull","timestamp":"2017-06-12T12:24:05.838Z"}
{"level":"error","message":"Wrong password..Login UnSuccessfull","timestamp":"2017-06-12T12:24:06.509Z"}
{"level":"error","message":"Wrong password..Login UnSuccessfull","timestamp":"2017-06-12T12:24:08.632Z"}
{"level":"error","message":"Wrong password..Login UnSuccessfull","timestamp":"2017-06-12T12:24:12.281Z"}
{"level":"error","message":"Wrong password..Login UnSuccessfull","timestamp":"2017-06-12T12:24:17.591Z"}
{"level":"error","message":"Wrong password..Login UnSuccessfull","timestamp":"2017-06-12T12:24:27.432Z"}
{"level":"error","message":"Signup not successfull","timestamp":"2017-06-13T05:15:28.440Z"}
{"level":"error","message":"Signup not successfull","timestamp":"2017-06-13T05:15:30.651Z"}
{"level":"error","message":"Signup not successfull","timestamp":"2017-06-13T05:15:36.342Z"}
{"level":"error","message":"Signup not successfull","timestamp":"2017-06-13T05:37:47.045Z"}
{"level":"error","message":"Login UnSuccessfull","timestamp":"2017-06-13T10:34:21.430Z"}
{"level":"error","message":"Login UnSuccessfull","timestamp":"2017-06-13T10:34:22.894Z"}
{"level":"error","message":"Signup Unsuccessfull","timestamp":"2017-06-16T13:29:31.265Z"}
{"level":"error","message":"Signup Unsuccessfull","timestamp":"2017-06-16T13:29:47.107Z"}
{"level":"error","message":"Signup Unsuccessfull","timestamp":"2017-06-16T13:30:03.297Z"}
{"level":"error","message":"Signup Unsuccessfull","timestamp":"2017-06-16T13:30:11.560Z"}
{"level":"error","message":"Signup Unsuccessfull","timestamp":"2017-06-16T13:30:16.595Z"}
{"level":"error","message":"Signup Unsuccessfull","timestamp":"2017-06-16T13:30:43.336Z"}
{"level":"error","message":"Signup Unsuccessfull","timestamp":"2017-06-16T13:33:39.915Z"}
{"level":"error","message":"Signup Unsuccessfull","timestamp":"2017-06-16T13:34:29.300Z"}
{"level":"error","message":"Signup Unsuccessfull","timestamp":"2017-06-16T13:36:34.267Z"}
{"level":"error","message":"Login UnSuccessfull","timestamp":"2017-06-17T09:52:07.478Z"}
{"level":"error","message":"Login UnSuccessfull","timestamp":"2017-06-17T09:52:10.925Z"}
{"level":"error","message":"Login UnSuccessfull","timestamp":"2017-06-17T09:52:26.119Z"}
{"level":"error","message":"Login UnSuccessfull","timestamp":"2017-06-17T09:52:26.865Z"}
{"level":"error","message":"Login UnSuccessfull","timestamp":"2017-06-17T09:52:27.068Z"}
{"level":"error","message":"Login UnSuccessfull","timestamp":"2017-06-17T09:52:27.247Z"}
{"level":"error","message":"Login UnSuccessfull","timestamp":"2017-06-17T09:52:50.992Z"}
{"level":"error","message":"Login UnSuccessfull","timestamp":"2017-06-17T09:53:58.411Z"}
{"level":"error","message":"Login UnSuccessfull","timestamp":"2017-06-17T09:53:59.019Z"}
{"level":"error","message":"Login UnSuccessfull","timestamp":"2017-06-19T11:02:57.848Z"}
{"level":"error","message":"Login UnSuccessfull","timestamp":"2017-06-19T11:02:59.117Z"}
{"level":"error","message":"Login UnSuccessfull","timestamp":"2017-06-19T11:03:40.874Z"}
{"level":"error","message":"Login UnSuccessfull","timestamp":"2017-06-19T11:03:51.330Z"}
{"level":"error","message":"Login UnSuccessfull","timestamp":"2017-06-19T11:04:44.016Z"}
{"level":"error","message":"Card not deleted ","timestamp":"2017-06-20T05:52:58.574Z"}
{"level":"error","message":"Card not deleted ","timestamp":"2017-06-20T05:54:45.056Z"}
{"level":"error","message":"Card not deleted ","timestamp":"2017-06-20T05:56:06.823Z"}
{"level":"error","message":"Card not deleted ","timestamp":"2017-06-20T05:56:47.302Z"}
{"level":"error","message":"Card not deleted ","timestamp":"2017-06-20T06:36:49.168Z"}
{"level":"error","message":"Card not deleted ","timestamp":"2017-06-20T06:41:31.315Z"}
{"level":"error","message":"Card not deleted ","timestamp":"2017-06-20T06:41:45.674Z"}
{"level":"error","message":"Card not deleted ","timestamp":"2017-06-20T06:44:09.107Z"}
{"level":"error","message":"Card not deleted ","timestamp":"2017-06-20T06:52:43.934Z"}
{"level":"error","message":"Card not deleted ","timestamp":"2017-06-20T06:54:08.264Z"}
{"level":"error","message":"Card not deleted ","timestamp":"2017-06-20T07:20:17.224Z"}
{"level":"error","message":"Card not deleted ","timestamp":"2017-06-20T07:25:16.440Z"}
{"level":"error","message":"Card not deleted ","timestamp":"2017-06-20T07:26:27.616Z"}
{"level":"error","message":"Card not deleted ","timestamp":"2017-06-20T07:27:18.254Z"}
{"level":"error","message":"Card not deleted ","timestamp":"2017-06-20T07:32:12.749Z"}
{"level":"error","message":"Card not deleted ","timestamp":"2017-06-20T07:41:12.040Z"}
{"level":"error","message":"Card not deleted ","timestamp":"2017-06-20T07:45:34.186Z"}
{"level":"error","message":"Card not deleted ","timestamp":"2017-06-20T07:47:24.875Z"}
{"level":"error","message":"Card not deleted ","timestamp":"2017-06-20T07:51:16.110Z"}
{"level":"error","message":"Card not deleted ","timestamp":"2017-06-20T07:51:34.365Z"}
{"level":"error","message":"Card not deleted ","timestamp":"2017-06-20T07:54:44.711Z"}
{"level":"error","message":"Archive not Suceesfull","timestamp":"2017-06-23T11:37:14.617Z"}
{"level":"error","message":"Archive not Suceesfull","timestamp":"2017-06-25T09:07:32.897Z"}
{"level":"error","message":"Archive not Suceesfull","timestamp":"2017-06-25T09:07:34.934Z"}
{"level":"error","message":"Archive not Suceesfull","timestamp":"2017-06-25T09:07:35.320Z"}
{"level":"error","message":"Archive not Suceesfull","timestamp":"2017-06-25T09:07:35.529Z"}
{"level":"error","message":"Archive not Suceesfull","timestamp":"2017-06-25T09:07:35.705Z"}
{"level":"error","message":"Archive not Suceesfull","timestamp":"2017-06-25T09:08:43.907Z"}
{"level":"error","message":"Archive not Suceesfull","timestamp":"2017-06-25T09:09:45.304Z"}
{"level":"error","message":"Archive not Suceesfull","timestamp":"2017-06-25T09:09:45.862Z"}
{"level":"error","message":"Archive not Suceesfull","timestamp":"2017-06-25T09:09:46.078Z"}
{"level":"error","message":"Archive not Suceesfull","timestamp":"2017-06-25T09:09:46.287Z"}
{"level":"error","message":"Archive not Suceesfull","timestamp":"2017-06-25T09:09:52.934Z"}
{"level":"error","message":"Archive not Suceesfull","timestamp":"2017-06-25T09:09:53.206Z"}
{"level":"error","message":"Archive not Suceesfull","timestamp":"2017-06-25T09:09:53.398Z"}
{"level":"error","message":"Archive not Suceesfull","timestamp":"2017-06-25T09:10:14.624Z"}
{"level":"error","message":"Archive not Suceesfull","timestamp":"2017-06-25T09:10:15.849Z"}
{"level":"error","message":"Archive not Suceesfull","timestamp":"2017-06-25T09:10:17.088Z"}
{"level":"error","message":"Archive not Suceesfull","timestamp":"2017-06-25T09:10:17.308Z"}
{"level":"error","message":"Card not deleted ","timestamp":"2017-06-25T10:48:50.050Z"}
{"level":"error","message":"Card not deleted ","timestamp":"2017-06-25T10:48:56.215Z"}
{"level":"error","message":"Reminder not created","timestamp":"2017-06-25T11:03:10.782Z"}
{"level":"error","message":"Card not deleted ","timestamp":"2017-06-27T04:48:34.842Z"}
{"level":"error","message":"Card not deleted ","timestamp":"2017-06-27T04:48:38.571Z"}
{"level":"error","message":"Card not deleted ","timestamp":"2017-06-27T04:48:41.305Z"}
{"level":"error","message":"Card not deleted ","timestamp":"2017-06-27T04:48:48.863Z"}
{"level":"error","message":"Card not deleted ","timestamp":"2017-06-27T04:49:27.940Z"}
{"level":"error","message":"Card not deleted ","timestamp":"2017-06-27T04:50:36.458Z"}
{"level":"error","message":"Card not deleted ","timestamp":"2017-06-27T04:51:26.816Z"}
{"level":"error","message":"Card not deleted ","timestamp":"2017-06-27T05:14:46.902Z"}
{"level":"error","message":"Card not deleted ","timestamp":"2017-06-27T05:14:49.091Z"}
{"level":"error","message":"Card not deleted ","timestamp":"2017-06-27T05:14:51.131Z"}
{"level":"error","message":"Card not deleted ","timestamp":"2017-06-27T05:14:53.532Z"}
{"level":"error","message":"Pinup not Successfull","timestamp":"2017-06-27T05:57:31.541Z"}
{"level":"error","message":"Pinup not Successfull","timestamp":"2017-06-27T05:57:33.306Z"}
{"level":"error","message":"Pinup not Successfull","timestamp":"2017-06-27T05:57:38.567Z"}
{"level":"error","message":"Pinup not Successfull","timestamp":"2017-06-27T05:59:46.466Z"}
{"level":"error","message":"Pinup not Successfull","timestamp":"2017-06-27T06:08:59.289Z"}
{"level":"error","message":"Pinup not Successfull","timestamp":"2017-06-27T06:09:00.064Z"}
{"level":"error","message":"Pinup not Successfull","timestamp":"2017-06-27T06:09:00.447Z"}
{"level":"error","message":"Pinup not Successfull","timestamp":"2017-06-27T06:09:00.733Z"}
{"level":"error","message":"Pinup not Successfull","timestamp":"2017-06-27T06:09:01.510Z"}
{"level":"error","message":"Reminder not created","timestamp":"2017-06-27T07:13:37.904Z"}
{"level":"error","message":"Reminder not created","timestamp":"2017-06-27T07:13:40.913Z"}
{"level":"error","message":"Reminder not created","timestamp":"2017-06-27T07:15:10.130Z"}
{"level":"error","message":"Reminder not created","timestamp":"2017-06-27T07:15:12.871Z"}
{"level":"error","message":"Card not deleted ","timestamp":"2017-06-27T07:43:29.682Z"}
{"level":"error","message":"Card not deleted ","timestamp":"2017-06-27T07:43:32.477Z"}
{"level":"error","message":"Card not deleted ","timestamp":"2017-06-27T07:43:38.160Z"}
{"level":"error","message":"Card not deleted ","timestamp":"2017-06-27T07:43:42.918Z"}
{"level":"error","message":"Card not deleted ","timestamp":"2017-06-27T07:45:14.983Z"}
{"level":"error","message":"Card not deleted ","timestamp":"2017-06-27T07:56:33.283Z"}
{"level":"error","message":"Authentication Failed","timestamp":"2017-07-03T11:57:05.285Z"}
{"level":"error","message":"Authentication Failed","timestamp":"2017-07-03T11:57:05.289Z"}
{"level":"error","message":"Authentication Failed","timestamp":"2017-07-03T11:57:05.290Z"}
{"level":"error","message":"Authentication Failed","timestamp":"2017-07-03T11:57:11.083Z"}
{"level":"error","message":"Authentication Failed","timestamp":"2017-07-03T11:57:11.093Z"}
{"level":"error","message":"Authentication Failed","timestamp":"2017-07-03T11:57:11.099Z"}
{"level":"error","message":"Authentication Failed","timestamp":"2017-07-03T11:57:16.117Z"}
{"level":"error","message":"Authentication Failed","timestamp":"2017-07-03T11:57:16.118Z"}
{"level":"error","message":"Authentication Failed","timestamp":"2017-07-03T11:57:16.125Z"}
{"level":"error","message":"Authentication Failed","timestamp":"2017-07-03T11:57:53.306Z"}
{"level":"error","message":"Authentication Failed","timestamp":"2017-07-03T11:57:53.309Z"}
{"level":"error","message":"Authentication Failed","timestamp":"2017-07-03T11:57:53.314Z"}
{"level":"error","message":"Authentication Failed","timestamp":"2017-07-03T12:01:04.999Z"}
{"level":"error","message":"Authentication Failed","timestamp":"2017-07-03T12:01:05.003Z"}
{"level":"error","message":"Authentication Failed","timestamp":"2017-07-03T12:01:05.006Z"}
{"level":"error","message":"Authentication Failed","timestamp":"2017-07-03T12:03:04.702Z"}
{"level":"error","message":"Authentication Failed","timestamp":"2017-07-03T12:03:04.705Z"}
{"level":"error","message":"Authentication Failed","timestamp":"2017-07-03T12:03:04.706Z"}
{"level":"error","message":"Authentication Failed","timestamp":"2017-07-03T12:08:41.132Z"}
{"level":"error","message":"Authentication Failed","timestamp":"2017-07-03T12:08:41.136Z"}
{"level":"error","message":"Authentication Failed","timestamp":"2017-07-03T12:08:41.138Z"}
{"level":"error","message":"Authentication Failed","timestamp":"2017-07-03T12:08:44.023Z"}
{"level":"error","message":"Authentication Failed","timestamp":"2017-07-03T12:08:44.026Z"}
{"level":"error","message":"Authentication Failed","timestamp":"2017-07-03T12:08:44.029Z"}
{"level":"error","message":"Authentication Failed","timestamp":"2017-07-03T12:08:46.180Z"}
{"level":"error","message":"Authentication Failed","timestamp":"2017-07-03T12:08:46.181Z"}
{"level":"error","message":"Authentication Failed","timestamp":"2017-07-03T12:08:46.186Z"}
{"level":"error","message":"Authentication Failed","timestamp":"2017-07-03T12:08:51.989Z"}
{"level":"error","message":"Authentication Failed","timestamp":"2017-07-03T12:08:51.993Z"}
{"level":"error","message":"Authentication Failed","timestamp":"2017-07-03T12:08:51.994Z"}
{"level":"error","message":"Authentication Failed","timestamp":"2017-07-03T12:09:24.046Z"}
{"level":"error","message":"Authentication Failed","timestamp":"2017-07-03T12:09:24.062Z"}
{"level":"error","message":"Authentication Failed","timestamp":"2017-07-03T12:09:24.065Z"}
{"level":"error","message":"Authentication Failed","timestamp":"2017-07-03T12:09:26.828Z"}
{"level":"error","message":"Authentication Failed","timestamp":"2017-07-03T12:09:26.829Z"}
{"level":"error","message":"Authentication Failed","timestamp":"2017-07-03T12:09:26.840Z"}
{"level":"error","message":"Authentication Failed","timestamp":"2017-07-03T12:15:40.580Z"}
{"level":"error","message":"Authentication Failed","timestamp":"2017-07-03T12:15:40.581Z"}
{"level":"error","message":"Authentication Failed","timestamp":"2017-07-03T12:15:40.585Z"}
{"level":"error","message":"Authentication Failed","timestamp":"2017-07-03T12:21:46.442Z"}
{"level":"error","message":"Authentication Failed","timestamp":"2017-07-03T12:21:46.444Z"}
{"level":"error","message":"Authentication Failed","timestamp":"2017-07-03T12:21:46.458Z"}
{"level":"error","message":"Authentication Failed","timestamp":"2017-07-03T12:22:43.887Z"}
{"level":"error","message":"Authentication Failed","timestamp":"2017-07-03T12:22:43.891Z"}
{"level":"error","message":"Authentication Failed","timestamp":"2017-07-03T12:22:43.897Z"}
{"level":"error","message":"Authentication Failed","timestamp":"2017-07-03T12:27:36.771Z"}
{"level":"error","message":"Authentication Failed","timestamp":"2017-07-03T12:27:36.773Z"}
{"level":"error","message":"Authentication Failed","timestamp":"2017-07-03T12:27:36.774Z"}
{"level":"error","message":"Authentication Failed","timestamp":"2017-07-03T12:27:39.401Z"}
{"level":"error","message":"Authentication Failed","timestamp":"2017-07-03T12:27:39.406Z"}
{"level":"error","message":"Authentication Failed","timestamp":"2017-07-03T12:27:39.409Z"}
{"level":"error","message":"Authentication Failed","timestamp":"2017-07-03T12:28:28.430Z"}
{"level":"error","message":"Authentication Failed","timestamp":"2017-07-03T12:28:28.438Z"}
{"level":"error","message":"Authentication Failed","timestamp":"2017-07-03T12:28:28.440Z"}
{"level":"error","message":"Authentication Failed","timestamp":"2017-07-03T12:28:31.221Z"}
{"level":"error","message":"Authentication Failed","timestamp":"2017-07-03T12:28:31.224Z"}
{"level":"error","message":"Authentication Failed","timestamp":"2017-07-03T12:28:31.232Z"}
{"level":"error","message":"Authentication Failed","timestamp":"2017-07-03T12:29:23.424Z"}
{"level":"error","message":"Authentication Failed","timestamp":"2017-07-03T12:29:23.425Z"}
{"level":"error","message":"Authentication Failed","timestamp":"2017-07-03T12:29:23.427Z"}
{"level":"error","message":"Authentication Failed","timestamp":"2017-07-03T12:29:23.775Z"}
{"level":"error","message":"Authentication Failed","timestamp":"2017-07-03T12:29:23.776Z"}
{"level":"error","message":"Authentication Failed","timestamp":"2017-07-03T12:29:23.777Z"}
{"level":"error","message":"Authentication Failed","timestamp":"2017-07-03T12:29:26.165Z"}
{"level":"error","message":"Authentication Failed","timestamp":"2017-07-03T12:29:26.166Z"}
{"level":"error","message":"Authentication Failed","timestamp":"2017-07-03T12:29:26.167Z"}
{"level":"error","message":"Authentication Failed","timestamp":"2017-07-03T12:29:27.818Z"}
{"level":"error","message":"Authentication Failed","timestamp":"2017-07-03T12:29:27.820Z"}
{"level":"error","message":"Authentication Failed","timestamp":"2017-07-03T12:29:27.826Z"}
{"level":"error","message":"Authentication Failed","timestamp":"2017-07-03T12:29:28.455Z"}
{"level":"error","message":"Authentication Failed","timestamp":"2017-07-03T12:29:28.459Z"}
{"level":"error","message":"Authentication Failed","timestamp":"2017-07-03T12:29:28.462Z"}
{"level":"error","message":"Authentication Failed","timestamp":"2017-07-03T12:29:28.712Z"}
{"level":"error","message":"Authentication Failed","timestamp":"2017-07-03T12:29:28.714Z"}
{"level":"error","message":"Authentication Failed","timestamp":"2017-07-03T12:29:28.719Z"}
{"level":"error","message":"Authentication Failed","timestamp":"2017-07-03T12:29:28.913Z"}
{"level":"error","message":"Authentication Failed","timestamp":"2017-07-03T12:29:28.915Z"}
{"level":"error","message":"Authentication Failed","timestamp":"2017-07-03T12:29:28.916Z"}
{"level":"error","message":"Authentication Failed","timestamp":"2017-07-03T12:29:29.136Z"}
{"level":"error","message":"Authentication Failed","timestamp":"2017-07-03T12:29:29.140Z"}
{"level":"error","message":"Authentication Failed","timestamp":"2017-07-03T12:29:29.148Z"}
{"level":"error","message":"Authentication Failed","timestamp":"2017-07-03T12:29:29.341Z"}
{"level":"error","message":"Authentication Failed","timestamp":"2017-07-03T12:29:29.345Z"}
{"level":"error","message":"Authentication Failed","timestamp":"2017-07-03T12:29:29.348Z"}
{"level":"error","message":"Authentication Failed","timestamp":"2017-07-03T12:29:34.462Z"}
{"level":"error","message":"Authentication Failed","timestamp":"2017-07-03T12:29:34.468Z"}
{"level":"error","message":"Authentication Failed","timestamp":"2017-07-03T12:29:34.471Z"}
{"level":"error","message":"Authentication Failed","timestamp":"2017-07-03T12:38:04.736Z"}
{"level":"error","message":"Authentication Failed","timestamp":"2017-07-03T12:38:04.740Z"}
{"level":"error","message":"Authentication Failed","timestamp":"2017-07-03T12:38:04.750Z"}
{"level":"error","message":"Authentication Failed","timestamp":"2017-07-03T12:38:31.712Z"}
{"level":"error","message":"Authentication Failed","timestamp":"2017-07-03T12:38:31.718Z"}
{"level":"error","message":"Authentication Failed","timestamp":"2017-07-03T12:38:31.723Z"}
{"level":"error","message":"Authentication Failed","timestamp":"2017-07-03T12:38:33.388Z"}
{"level":"error","message":"Authentication Failed","timestamp":"2017-07-03T12:38:33.389Z"}
{"level":"error","message":"Authentication Failed","timestamp":"2017-07-03T12:38:33.393Z"}
{"level":"error","message":"Authentication Failed","timestamp":"2017-07-03T12:38:35.611Z"}
{"level":"error","message":"Authentication Failed","timestamp":"2017-07-03T12:38:35.613Z"}
{"level":"error","message":"Authentication Failed","timestamp":"2017-07-03T12:38:35.614Z"}
{"level":"error","message":"Authentication Failed","timestamp":"2017-07-03T12:38:36.578Z"}
{"level":"error","message":"Authentication Failed","timestamp":"2017-07-03T12:38:36.580Z"}
{"level":"error","message":"Authentication Failed","timestamp":"2017-07-03T12:38:36.581Z"}
{"level":"error","message":"Authentication Failed","timestamp":"2017-07-03T12:38:36.870Z"}
{"level":"error","message":"Authentication Failed","timestamp":"2017-07-03T12:38:36.874Z"}
{"level":"error","message":"Authentication Failed","timestamp":"2017-07-03T12:38:36.877Z"}
{"level":"error","message":"Authentication Failed","timestamp":"2017-07-03T12:38:37.149Z"}
{"level":"error","message":"Authentication Failed","timestamp":"2017-07-03T12:38:37.150Z"}
{"level":"error","message":"Authentication Failed","timestamp":"2017-07-03T12:38:37.151Z"}
{"level":"error","message":"Authentication Failed","timestamp":"2017-07-03T12:38:37.545Z"}
{"level":"error","message":"Authentication Failed","timestamp":"2017-07-03T12:38:37.546Z"}
{"level":"error","message":"Authentication Failed","timestamp":"2017-07-03T12:38:37.548Z"}
{"level":"error","message":"Authentication Failed","timestamp":"2017-07-03T12:38:38.194Z"}
{"level":"error","message":"Authentication Failed","timestamp":"2017-07-03T12:38:38.197Z"}
{"level":"error","message":"Authentication Failed","timestamp":"2017-07-03T12:38:38.199Z"}
{"level":"error","message":"Authentication Failed","timestamp":"2017-07-03T12:38:38.453Z"}
{"level":"error","message":"Authentication Failed","timestamp":"2017-07-03T12:38:38.454Z"}
{"level":"error","message":"Authentication Failed","timestamp":"2017-07-03T12:38:38.455Z"}
{"level":"error","message":"Authentication Failed","timestamp":"2017-07-03T12:38:38.623Z"}
{"level":"error","message":"Authentication Failed","timestamp":"2017-07-03T12:38:38.624Z"}
{"level":"error","message":"Authentication Failed","timestamp":"2017-07-03T12:38:38.624Z"}
{"level":"error","message":"Authentication Failed","timestamp":"2017-07-03T12:38:38.899Z"}
{"level":"error","message":"Authentication Failed","timestamp":"2017-07-03T12:38:38.905Z"}
{"level":"error","message":"Authentication Failed","timestamp":"2017-07-03T12:38:38.909Z"}
{"level":"error","message":"Authentication Failed","timestamp":"2017-07-03T12:39:00.776Z"}
{"level":"error","message":"Authentication Failed","timestamp":"2017-07-03T12:39:00.777Z"}
{"level":"error","message":"Authentication Failed","timestamp":"2017-07-03T12:39:00.779Z"}
{"level":"error","message":"Authentication Failed","timestamp":"2017-07-03T12:40:24.876Z"}
{"level":"error","message":"Authentication Failed","timestamp":"2017-07-03T12:40:24.877Z"}
{"level":"error","message":"Authentication Failed","timestamp":"2017-07-03T12:40:24.882Z"}
{"level":"error","message":"Authentication Failed","timestamp":"2017-07-03T12:41:32.369Z"}
{"level":"error","message":"Authentication Failed","timestamp":"2017-07-03T12:41:32.372Z"}
{"level":"error","message":"Authentication Failed","timestamp":"2017-07-03T12:41:32.374Z"}
{"level":"error","message":"Authentication Failed","timestamp":"2017-07-03T12:41:34.997Z"}
{"level":"error","message":"Authentication Failed","timestamp":"2017-07-03T12:41:35.003Z"}
{"level":"error","message":"Authentication Failed","timestamp":"2017-07-03T12:41:35.013Z"}
{"level":"error","message":"Authentication Failed","timestamp":"2017-07-03T12:43:48.700Z"}
{"level":"error","message":"Authentication Failed","timestamp":"2017-07-03T12:43:48.702Z"}
{"level":"error","message":"Authentication Failed","timestamp":"2017-07-03T12:43:48.703Z"}
{"level":"error","message":"Authentication Failed","timestamp":"2017-07-03T12:43:58.907Z"}
{"level":"error","message":"Authentication Failed","timestamp":"2017-07-03T12:43:58.909Z"}
{"level":"error","message":"Authentication Failed","timestamp":"2017-07-03T12:43:58.910Z"}
{"level":"error","message":"Authentication Failed","timestamp":"2017-07-03T12:44:08.191Z"}
{"level":"error","message":"Authentication Failed","timestamp":"2017-07-03T12:44:08.196Z"}
{"level":"error","message":"Authentication Failed","timestamp":"2017-07-03T12:44:08.207Z"}
{"level":"error","message":"Authentication Failed","timestamp":"2017-07-03T12:44:16.817Z"}
{"level":"error","message":"Authentication Failed","timestamp":"2017-07-03T12:44:16.818Z"}
{"level":"error","message":"Authentication Failed","timestamp":"2017-07-03T12:44:16.819Z"}
{"level":"error","message":"Authentication Failed","timestamp":"2017-07-03T12:47:06.328Z"}
{"level":"error","message":"Authentication Failed","timestamp":"2017-07-03T12:47:06.331Z"}
{"level":"error","message":"Authentication Failed","timestamp":"2017-07-03T12:47:06.343Z"}
{"level":"error","message":"Authentication Failed","timestamp":"2017-07-03T12:47:13.470Z"}
{"level":"error","message":"Authentication Failed","timestamp":"2017-07-03T12:47:13.473Z"}
{"level":"error","message":"Authentication Failed","timestamp":"2017-07-03T12:47:13.477Z"}
{"level":"error","message":"Authentication Failed","timestamp":"2017-07-03T12:47:19.829Z"}
{"level":"error","message":"Authentication Failed","timestamp":"2017-07-03T12:47:19.836Z"}
{"level":"error","message":"Authentication Failed","timestamp":"2017-07-03T12:47:19.839Z"}
{"level":"error","message":"Authentication Failed","timestamp":"2017-07-03T12:47:23.025Z"}
{"level":"error","message":"Authentication Failed","timestamp":"2017-07-03T12:47:23.045Z"}
{"level":"error","message":"Authentication Failed","timestamp":"2017-07-03T12:47:23.047Z"}
{"level":"error","message":"Authentication Failed","timestamp":"2017-07-03T12:47:38.273Z"}
{"level":"error","message":"Authentication Failed","timestamp":"2017-07-03T12:47:38.275Z"}
{"level":"error","message":"Authentication Failed","timestamp":"2017-07-03T12:47:38.276Z"}
{"level":"error","message":"Authentication Failed","timestamp":"2017-07-03T12:48:13.497Z"}
{"level":"error","message":"Authentication Failed","timestamp":"2017-07-03T12:48:13.499Z"}
{"level":"error","message":"Authentication Failed","timestamp":"2017-07-03T12:48:13.505Z"}
{"level":"error","message":"Authentication Failed","timestamp":"2017-07-03T12:48:38.462Z"}
{"level":"error","message":"Authentication Failed","timestamp":"2017-07-03T12:48:38.463Z"}
{"level":"error","message":"Authentication Failed","timestamp":"2017-07-03T12:48:38.465Z"}
{"level":"error","message":"Authentication Failed","timestamp":"2017-07-03T12:50:55.753Z"}
{"level":"error","message":"Authentication Failed","timestamp":"2017-07-03T12:50:55.755Z"}
{"level":"error","message":"Authentication Failed","timestamp":"2017-07-03T12:50:55.765Z"}
{"level":"error","message":"Authentication Failed","timestamp":"2017-07-03T12:51:04.006Z"}
{"level":"error","message":"Authentication Failed","timestamp":"2017-07-03T12:51:04.012Z"}
{"level":"error","message":"Authentication Failed","timestamp":"2017-07-03T12:51:04.020Z"}
{"level":"error","message":"Authentication Failed","timestamp":"2017-07-03T12:51:08.060Z"}
{"level":"error","message":"Authentication Failed","timestamp":"2017-07-03T12:51:08.064Z"}
{"level":"error","message":"Authentication Failed","timestamp":"2017-07-03T12:51:08.067Z"}
{"level":"error","message":"Authentication Failed","timestamp":"2017-07-03T12:51:10.583Z"}
{"level":"error","message":"Authentication Failed","timestamp":"2017-07-03T12:51:10.585Z"}
{"level":"error","message":"Authentication Failed","timestamp":"2017-07-03T12:51:10.588Z"}
{"level":"error","message":"Authentication Failed","timestamp":"2017-07-03T12:51:13.099Z"}
{"level":"error","message":"Authentication Failed","timestamp":"2017-07-03T12:51:13.102Z"}
{"level":"error","message":"Authentication Failed","timestamp":"2017-07-03T12:51:13.121Z"}
{"level":"error","message":"Authentication Failed","timestamp":"2017-07-03T12:51:13.123Z"}
{"level":"error","message":"Authentication Failed","timestamp":"2017-07-03T12:51:15.232Z"}
{"level":"error","message":"Authentication Failed","timestamp":"2017-07-03T12:51:15.238Z"}
{"level":"error","message":"Authentication Failed","timestamp":"2017-07-03T12:51:15.239Z"}
{"level":"error","message":"Authentication Failed","timestamp":"2017-07-03T12:51:19.922Z"}
{"level":"error","message":"Authentication Failed","timestamp":"2017-07-03T12:51:19.923Z"}
{"level":"error","message":"Authentication Failed","timestamp":"2017-07-03T12:51:19.933Z"}
{"level":"error","message":"Authentication Failed","timestamp":"2017-07-03T12:52:16.003Z"}
{"level":"error","message":"Authentication Failed","timestamp":"2017-07-03T12:52:16.004Z"}
{"level":"error","message":"Authentication Failed","timestamp":"2017-07-03T12:52:16.009Z"}
{"level":"error","message":"Authentication Failed","timestamp":"2017-07-03T12:52:21.142Z"}
{"level":"error","message":"Authentication Failed","timestamp":"2017-07-03T12:52:21.144Z"}
{"level":"error","message":"Authentication Failed","timestamp":"2017-07-03T12:52:21.148Z"}
{"level":"error","message":"Authentication Failed","timestamp":"2017-07-03T12:52:23.028Z"}
{"level":"error","message":"Authentication Failed","timestamp":"2017-07-03T12:52:23.029Z"}
{"level":"error","message":"Authentication Failed","timestamp":"2017-07-03T12:52:23.034Z"}
{"level":"error","message":"Authentication Failed","timestamp":"2017-07-03T12:52:23.333Z"}
{"level":"error","message":"Authentication Failed","timestamp":"2017-07-03T12:52:23.337Z"}
{"level":"error","message":"Authentication Failed","timestamp":"2017-07-03T12:52:23.341Z"}
{"level":"error","message":"Authentication Failed","timestamp":"2017-07-03T12:52:25.350Z"}
{"level":"error","message":"Authentication Failed","timestamp":"2017-07-03T12:52:25.351Z"}
{"level":"error","message":"Authentication Failed","timestamp":"2017-07-03T12:52:25.351Z"}
{"level":"error","message":"Authentication Failed","timestamp":"2017-07-03T12:52:25.913Z"}
{"level":"error","message":"Authentication Failed","timestamp":"2017-07-03T12:52:25.916Z"}
{"level":"error","message":"Authentication Failed","timestamp":"2017-07-03T12:52:25.917Z"}
{"level":"error","message":"Authentication Failed","timestamp":"2017-07-03T12:52:26.085Z"}
{"level":"error","message":"Authentication Failed","timestamp":"2017-07-03T12:52:26.087Z"}
{"level":"error","message":"Authentication Failed","timestamp":"2017-07-03T12:52:26.088Z"}
{"level":"error","message":"Authentication Failed","timestamp":"2017-07-03T12:52:26.240Z"}
{"level":"error","message":"Authentication Failed","timestamp":"2017-07-03T12:52:26.241Z"}
{"level":"error","message":"Authentication Failed","timestamp":"2017-07-03T12:52:26.248Z"}
{"level":"error","message":"Authentication Failed","timestamp":"2017-07-03T12:52:27.841Z"}
{"level":"error","message":"Authentication Failed","timestamp":"2017-07-03T12:52:27.843Z"}
{"level":"error","message":"Authentication Failed","timestamp":"2017-07-03T12:52:27.844Z"}
{"level":"error","message":"Authentication Failed","timestamp":"2017-07-03T12:54:03.541Z"}
{"level":"error","message":"Authentication Failed","timestamp":"2017-07-03T12:54:03.543Z"}
{"level":"error","message":"Authentication Failed","timestamp":"2017-07-03T12:54:03.547Z"}
{"level":"error","message":"Authentication Failed","timestamp":"2017-07-03T12:58:29.038Z"}
{"level":"error","message":"Authentication Failed","timestamp":"2017-07-03T12:58:29.039Z"}
{"level":"error","message":"Authentication Failed","timestamp":"2017-07-03T12:58:29.041Z"}
{"level":"error","message":"Authentication Failed","timestamp":"2017-07-03T12:58:31.219Z"}
{"level":"error","message":"Authentication Failed","timestamp":"2017-07-03T12:58:31.220Z"}
{"level":"error","message":"Authentication Failed","timestamp":"2017-07-03T12:58:31.223Z"}
{"level":"error","message":"Authentication Failed","timestamp":"2017-07-03T12:59:06.641Z"}
{"level":"error","message":"Authentication Failed","timestamp":"2017-07-03T12:59:06.642Z"}
{"level":"error","message":"Authentication Failed","timestamp":"2017-07-03T12:59:06.652Z"}
{"level":"error","message":"Authentication Failed","timestamp":"2017-07-03T12:59:08.542Z"}
{"level":"error","message":"Authentication Failed","timestamp":"2017-07-03T12:59:08.544Z"}
{"level":"error","message":"Authentication Failed","timestamp":"2017-07-03T12:59:08.552Z"}
{"level":"error","message":"Authentication Failed","timestamp":"2017-07-03T13:04:31.288Z"}
{"level":"error","message":"Authentication Failed","timestamp":"2017-07-03T13:04:31.292Z"}
{"level":"error","message":"Authentication Failed","timestamp":"2017-07-03T13:04:31.294Z"}
{"level":"error","message":"Authentication Failed","timestamp":"2017-07-03T13:04:32.629Z"}
{"level":"error","message":"Authentication Failed","timestamp":"2017-07-03T13:04:32.645Z"}
{"level":"error","message":"Authentication Failed","timestamp":"2017-07-03T13:04:32.650Z"}
{"level":"error","message":"Authentication Failed","timestamp":"2017-07-03T13:06:05.392Z"}
{"level":"error","message":"Authentication Failed","timestamp":"2017-07-03T13:06:05.402Z"}
{"level":"error","message":"Authentication Failed","timestamp":"2017-07-03T13:06:05.404Z"}
{"level":"error","message":"Authentication Failed","timestamp":"2017-07-03T13:11:42.200Z"}
{"level":"error","message":"Authentication Failed","timestamp":"2017-07-03T13:11:42.208Z"}
{"level":"error","message":"Authentication Failed","timestamp":"2017-07-03T13:11:42.210Z"}
{"level":"error","message":"Authentication Failed","timestamp":"2017-07-03T13:11:43.914Z"}
{"level":"error","message":"Authentication Failed","timestamp":"2017-07-03T13:11:43.917Z"}
{"level":"error","message":"Authentication Failed","timestamp":"2017-07-03T13:11:43.922Z"}
{"level":"error","message":"Authentication Failed","timestamp":"2017-07-03T13:15:42.653Z"}
{"level":"error","message":"Authentication Failed","timestamp":"2017-07-03T13:15:42.658Z"}
{"level":"error","message":"Authentication Failed","timestamp":"2017-07-03T13:15:42.659Z"}
{"level":"error","message":"Authentication Failed","timestamp":"2017-07-03T13:19:31.965Z"}
{"level":"error","message":"Authentication Failed","timestamp":"2017-07-03T13:19:31.966Z"}
{"level":"error","message":"Authentication Failed","timestamp":"2017-07-03T13:19:31.969Z"}
{"level":"error","message":"Authentication Failed","timestamp":"2017-07-03T13:20:24.948Z"}
{"level":"error","message":"Authentication Failed","timestamp":"2017-07-03T13:20:24.949Z"}
{"level":"error","message":"Authentication Failed","timestamp":"2017-07-03T13:20:24.950Z"}
{"level":"error","message":"Authentication Failed","timestamp":"2017-07-03T13:23:19.645Z"}
{"level":"error","message":"Authentication Failed","timestamp":"2017-07-03T13:23:19.649Z"}
{"level":"error","message":"Authentication Failed","timestamp":"2017-07-03T13:23:19.653Z"}
{"level":"error","message":"Authentication Failed","timestamp":"2017-07-03T13:23:25.344Z"}
{"level":"error","message":"Authentication Failed","timestamp":"2017-07-03T13:23:25.346Z"}
{"level":"error","message":"Authentication Failed","timestamp":"2017-07-03T13:23:25.355Z"}
{"level":"error","message":"Authentication Failed","timestamp":"2017-07-03T13:23:43.462Z"}
{"level":"error","message":"Authentication Failed","timestamp":"2017-07-03T13:23:43.463Z"}
{"level":"error","message":"Authentication Failed","timestamp":"2017-07-03T13:23:43.470Z"}
{"level":"error","message":"Authentication Failed","timestamp":"2017-07-03T13:23:46.014Z"}
{"level":"error","message":"Authentication Failed","timestamp":"2017-07-03T13:23:46.016Z"}
{"level":"error","message":"Authentication Failed","timestamp":"2017-07-03T13:23:46.020Z"}
{"level":"error","message":"Authentication Failed","timestamp":"2017-07-03T13:26:13.232Z"}
{"level":"error","message":"Authentication Failed","timestamp":"2017-07-03T13:26:13.241Z"}
{"level":"error","message":"Authentication Failed","timestamp":"2017-07-03T13:26:13.244Z"}
{"level":"error","message":"Authentication Failed","timestamp":"2017-07-03T13:26:21.330Z"}
{"level":"error","message":"Authentication Failed","timestamp":"2017-07-03T13:26:21.332Z"}
{"level":"error","message":"Authentication Failed","timestamp":"2017-07-03T13:26:21.336Z"}
{"level":"error","message":"Authentication Failed","timestamp":"2017-07-03T13:26:32.487Z"}
{"level":"error","message":"Authentication Failed","timestamp":"2017-07-03T13:26:32.494Z"}
{"level":"error","message":"Authentication Failed","timestamp":"2017-07-03T13:26:32.496Z"}
{"level":"error","message":"Authentication Failed","timestamp":"2017-07-03T13:27:48.280Z"}
{"level":"error","message":"Authentication Failed","timestamp":"2017-07-03T13:27:48.291Z"}
{"level":"error","message":"Authentication Failed","timestamp":"2017-07-03T13:27:48.293Z"}
{"level":"error","message":"Authentication Failed","timestamp":"2017-07-03T13:27:50.918Z"}
{"level":"error","message":"Authentication Failed","timestamp":"2017-07-03T13:27:50.920Z"}
{"level":"error","message":"Authentication Failed","timestamp":"2017-07-03T13:27:50.921Z"}
{"level":"error","message":"Authentication Failed","timestamp":"2017-07-03T13:31:39.558Z"}
{"level":"error","message":"Authentication Failed","timestamp":"2017-07-03T13:31:39.565Z"}
{"level":"error","message":"Authentication Failed","timestamp":"2017-07-03T13:31:39.569Z"}
{"level":"error","message":"Authentication Failed","timestamp":"2017-07-03T13:31:42.000Z"}
{"level":"error","message":"Authentication Failed","timestamp":"2017-07-03T13:31:42.003Z"}
{"level":"error","message":"Authentication Failed","timestamp":"2017-07-03T13:31:42.014Z"}
{"level":"error","message":"Authentication Failed","timestamp":"2017-07-03T13:31:43.752Z"}
{"level":"error","message":"Authentication Failed","timestamp":"2017-07-03T13:31:43.763Z"}
{"level":"error","message":"Authentication Failed","timestamp":"2017-07-03T13:31:43.777Z"}
{"level":"error","message":"Authentication Failed","timestamp":"2017-07-04T05:11:52.720Z"}
{"level":"error","message":"Authentication Failed","timestamp":"2017-07-04T05:11:52.741Z"}
{"level":"error","message":"Authentication Failed","timestamp":"2017-07-04T05:11:56.443Z"}
{"level":"error","message":"Authentication Failed","timestamp":"2017-07-04T05:11:56.445Z"}
{"level":"error","message":"Authentication Failed","timestamp":"2017-07-04T05:11:56.451Z"}
{"level":"error","message":"Authentication Failed","timestamp":"2017-08-17T07:13:38.272Z"}
{"level":"error","message":"Authentication Failed","timestamp":"2017-08-17T07:13:38.273Z"}
{"level":"error","message":"Authentication Failed","timestamp":"2017-08-17T07:13:38.275Z"}
{"level":"error","message":"Authentication Failed","timestamp":"2017-08-17T07:14:14.173Z"}
{"level":"error","message":"Authentication Failed","timestamp":"2017-08-17T07:14:14.175Z"}
{"level":"error","message":"Authentication Failed","timestamp":"2017-08-17T07:14:14.179Z"}
{"level":"error","message":"Authentication Failed","timestamp":"2017-08-17T07:14:15.684Z"}
{"level":"error","message":"Authentication Failed","timestamp":"2017-08-17T07:14:15.697Z"}
{"level":"error","message":"Authentication Failed","timestamp":"2017-08-17T07:14:15.698Z"}
{"level":"error","message":"Authentication Failed","timestamp":"2017-08-17T07:14:35.394Z"}
{"level":"error","message":"Authentication Failed","timestamp":"2017-08-17T07:14:35.401Z"}
{"level":"error","message":"Authentication Failed","timestamp":"2017-08-17T07:14:35.418Z"}
{"level":"error","message":"Authentication Failed","timestamp":"2017-08-17T07:14:38.167Z"}
{"level":"error","message":"Authentication Failed","timestamp":"2017-08-17T07:14:38.168Z"}
{"level":"error","message":"Authentication Failed","timestamp":"2017-08-17T07:14:38.170Z"}
{"level":"error","message":"Authentication Failed","timestamp":"2017-08-17T07:15:13.782Z"}
{"level":"error","message":"Authentication Failed","timestamp":"2017-08-17T07:15:13.786Z"}
{"level":"error","message":"Authentication Failed","timestamp":"2017-08-17T07:15:13.790Z"}
{"level":"error","message":"Authentication Failed","timestamp":"2017-08-17T07:15:14.466Z"}
{"level":"error","message":"Authentication Failed","timestamp":"2017-08-17T07:15:14.467Z"}
{"level":"error","message":"Authentication Failed","timestamp":"2017-08-17T07:15:14.471Z"}
{"level":"error","message":"Authentication Failed","timestamp":"2017-08-18T10:48:47.706Z"}
{"level":"error","message":"Authentication Failed","timestamp":"2017-08-18T10:48:47.711Z"}
{"level":"error","message":"Authentication Failed","timestamp":"2017-08-18T10:48:47.713Z"}
{"level":"error","message":"Authentication Failed","timestamp":"2017-08-18T10:48:51.195Z"}
{"level":"error","message":"Authentication Failed","timestamp":"2017-08-18T10:48:51.197Z"}
{"level":"error","message":"Authentication Failed","timestamp":"2017-08-18T10:48:51.199Z"}
{"level":"error","message":"Authentication Failed","timestamp":"2017-08-18T10:48:52.002Z"}
{"level":"error","message":"Authentication Failed","timestamp":"2017-08-18T10:48:52.004Z"}
{"level":"error","message":"Authentication Failed","timestamp":"2017-08-18T10:48:52.005Z"}
{"level":"error","message":"Authentication Failed","timestamp":"2017-08-18T10:48:53.909Z"}
{"level":"error","message":"Authentication Failed","timestamp":"2017-08-18T10:48:53.916Z"}
{"level":"error","message":"Authentication Failed","timestamp":"2017-08-18T10:48:53.917Z"}
{"level":"error","message":"Authentication Failed","timestamp":"2017-08-18T10:49:02.460Z"}
{"level":"error","message":"Authentication Failed","timestamp":"2017-08-18T10:49:02.462Z"}
{"level":"error","message":"Authentication Failed","timestamp":"2017-08-18T10:49:02.463Z"}
{"level":"error","message":"Authentication Failed","timestamp":"2017-08-18T10:49:45.806Z"}
{"level":"error","message":"Authentication Failed","timestamp":"2017-08-18T10:49:45.808Z"}
{"level":"error","message":"Authentication Failed","timestamp":"2017-08-18T10:49:45.809Z"}
{"level":"error","message":"Authentication Failed","timestamp":"2017-08-18T10:50:46.078Z"}
{"level":"error","message":"Authentication Failed","timestamp":"2017-08-18T10:50:46.082Z"}
{"level":"error","message":"Authentication Failed","timestamp":"2017-08-18T10:50:46.083Z"}
{"level":"error","message":"Authentication Failed","timestamp":"2017-08-18T10:50:47.329Z"}
{"level":"error","message":"Authentication Failed","timestamp":"2017-08-18T10:50:47.334Z"}
{"level":"error","message":"Authentication Failed","timestamp":"2017-08-18T10:50:47.335Z"}
{"level":"error","message":"Authentication Failed","timestamp":"2017-08-18T10:52:34.958Z"}
{"level":"error","message":"Authentication Failed","timestamp":"2017-08-18T10:52:34.961Z"}
{"level":"error","message":"Authentication Failed","timestamp":"2017-08-18T10:52:34.963Z"}
{"level":"error","message":"Authentication Failed","timestamp":"2017-08-18T10:52:36.061Z"}
{"level":"error","message":"Authentication Failed","timestamp":"2017-08-18T10:52:36.067Z"}
{"level":"error","message":"Authentication Failed","timestamp":"2017-08-18T10:52:36.079Z"}
{"level":"error","message":"Authentication Failed","timestamp":"2017-08-18T10:52:40.363Z"}
{"level":"error","message":"Authentication Failed","timestamp":"2017-08-18T10:52:40.366Z"}
{"level":"error","message":"Authentication Failed","timestamp":"2017-08-18T10:52:40.370Z"}
{"level":"error","message":"Authentication Failed","timestamp":"2017-08-18T10:53:17.426Z"}
{"level":"error","message":"Authentication Failed","timestamp":"2017-08-18T10:53:17.428Z"}
{"level":"error","message":"Authentication Failed","timestamp":"2017-08-18T10:53:17.429Z"}
{"level":"error","message":"Authentication Failed","timestamp":"2017-08-18T10:53:24.273Z"}
{"level":"error","message":"Authentication Failed","timestamp":"2017-08-18T10:53:24.277Z"}
{"level":"error","message":"Authentication Failed","timestamp":"2017-08-18T10:53:24.280Z"}
{"level":"error","message":"Authentication Failed","timestamp":"2017-08-18T10:53:41.416Z"}
{"level":"error","message":"Authentication Failed","timestamp":"2017-08-18T10:53:41.424Z"}
{"level":"error","message":"Authentication Failed","timestamp":"2017-08-18T10:53:41.426Z"}
{"level":"error","message":"Authentication Failed","timestamp":"2017-08-18T10:53:43.664Z"}
{"level":"error","message":"Authentication Failed","timestamp":"2017-08-18T10:53:43.665Z"}
{"level":"error","message":"Authentication Failed","timestamp":"2017-08-18T10:53:43.671Z"}
{"level":"error","message":"Authentication Failed","timestamp":"2017-08-18T10:53:43.947Z"}
{"level":"error","message":"Authentication Failed","timestamp":"2017-08-18T10:53:43.950Z"}
{"level":"error","message":"Authentication Failed","timestamp":"2017-08-18T10:53:43.954Z"}
{"level":"error","message":"Authentication Failed","timestamp":"2017-08-18T10:53:44.293Z"}
{"level":"error","message":"Authentication Failed","timestamp":"2017-08-18T10:53:44.294Z"}
{"level":"error","message":"Authentication Failed","timestamp":"2017-08-18T10:53:44.304Z"}
{"level":"error","message":"Authentication Failed","timestamp":"2017-08-18T10:53:44.622Z"}
{"level":"error","message":"Authentication Failed","timestamp":"2017-08-18T10:53:44.627Z"}
{"level":"error","message":"Authentication Failed","timestamp":"2017-08-18T10:53:44.629Z"}
{"level":"error","message":"Authentication Failed","timestamp":"2017-08-18T10:54:45.494Z"}
{"level":"error","message":"Authentication Failed","timestamp":"2017-08-18T10:54:45.497Z"}
{"level":"error","message":"Authentication Failed","timestamp":"2017-08-18T10:54:45.502Z"}
{"level":"error","message":"Authentication Failed","timestamp":"2017-08-21T11:08:02.580Z"}
{"level":"error","message":"Authentication Failed","timestamp":"2017-08-21T11:08:02.584Z"}
{"level":"error","message":"Authentication Failed","timestamp":"2017-08-21T11:08:02.585Z"}
{"level":"error","message":"Authentication Failed","timestamp":"2017-08-22T10:46:59.184Z"}
{"level":"error","message":"Authentication Failed","timestamp":"2017-08-22T10:46:59.190Z"}
{"level":"error","message":"Authentication Failed","timestamp":"2017-08-22T10:46:59.191Z"}
{"level":"error","message":"Authentication Failed","timestamp":"2017-08-22T10:47:09.691Z"}
{"level":"error","message":"Authentication Failed","timestamp":"2017-08-22T10:47:09.694Z"}
{"level":"error","message":"Authentication Failed","timestamp":"2017-08-22T10:47:09.708Z"}
{"level":"error","message":"Authentication Failed","timestamp":"2017-08-22T10:47:13.899Z"}
{"level":"error","message":"Authentication Failed","timestamp":"2017-08-22T10:47:13.904Z"}
{"level":"error","message":"Authentication Failed","timestamp":"2017-08-22T10:47:13.905Z"}
{"level":"error","message":"Authentication Failed","timestamp":"2017-08-22T10:47:15.752Z"}
{"level":"error","message":"Authentication Failed","timestamp":"2017-08-22T10:47:15.757Z"}
{"level":"error","message":"Authentication Failed","timestamp":"2017-08-22T10:47:15.759Z"}
{"level":"error","message":"Authentication Failed","timestamp":"2017-08-22T10:47:16.547Z"}
{"level":"error","message":"Authentication Failed","timestamp":"2017-08-22T10:47:16.550Z"}
{"level":"error","message":"Authentication Failed","timestamp":"2017-08-22T10:47:16.552Z"}
{"level":"error","message":"Authentication Failed","timestamp":"2017-08-22T10:47:21.978Z"}
{"level":"error","message":"Authentication Failed","timestamp":"2017-08-22T10:47:21.981Z"}
{"level":"error","message":"Authentication Failed","timestamp":"2017-08-22T10:47:21.985Z"}
{"level":"error","message":"Authentication Failed","timestamp":"2017-08-22T10:47:22.683Z"}
{"level":"error","message":"Authentication Failed","timestamp":"2017-08-22T10:47:22.685Z"}
{"level":"error","message":"Authentication Failed","timestamp":"2017-08-22T10:47:22.715Z"}
{"level":"error","message":"Authentication Failed","timestamp":"2017-08-22T10:47:27.902Z"}
{"level":"error","message":"Authentication Failed","timestamp":"2017-08-22T10:47:27.903Z"}
{"level":"error","message":"Authentication Failed","timestamp":"2017-08-22T10:47:27.920Z"}
{"level":"error","message":"Authentication Failed","timestamp":"2017-08-22T10:48:18.326Z"}
{"level":"error","message":"Authentication Failed","timestamp":"2017-08-22T10:48:18.328Z"}
{"level":"error","message":"Authentication Failed","timestamp":"2017-08-22T10:48:18.341Z"}
{"level":"error","message":"Authentication Failed","timestamp":"2017-08-22T10:48:19.554Z"}
{"level":"error","message":"Authentication Failed","timestamp":"2017-08-22T10:48:19.555Z"}
{"level":"error","message":"Authentication Failed","timestamp":"2017-08-22T10:48:19.563Z"}
{"level":"error","message":"Authentication Failed","timestamp":"2017-08-22T10:48:22.041Z"}
{"level":"error","message":"Authentication Failed","timestamp":"2017-08-22T10:48:22.042Z"}
{"level":"error","message":"Authentication Failed","timestamp":"2017-08-22T10:48:22.043Z"}
{"level":"error","message":"Authentication Failed","timestamp":"2017-08-22T10:48:25.406Z"}
{"level":"error","message":"Authentication Failed","timestamp":"2017-08-22T10:48:25.409Z"}
{"level":"error","message":"Authentication Failed","timestamp":"2017-08-22T10:48:25.410Z"}
{"level":"error","message":"Authentication Failed","timestamp":"2017-08-22T10:48:26.958Z"}
{"level":"error","message":"Authentication Failed","timestamp":"2017-08-22T10:48:26.959Z"}
{"level":"error","message":"Authentication Failed","timestamp":"2017-08-22T10:48:26.971Z"}
{"level":"error","message":"Authentication Failed","timestamp":"2017-08-22T10:48:27.235Z"}
{"level":"error","message":"Authentication Failed","timestamp":"2017-08-22T10:48:27.236Z"}
{"level":"error","message":"Authentication Failed","timestamp":"2017-08-22T10:48:27.240Z"}
{"level":"error","message":"Authentication Failed","timestamp":"2017-08-22T10:48:27.567Z"}
{"level":"error","message":"Authentication Failed","timestamp":"2017-08-22T10:48:27.572Z"}
{"level":"error","message":"Authentication Failed","timestamp":"2017-08-22T10:48:27.575Z"}
{"level":"error","message":"Authentication Failed","timestamp":"2017-08-22T10:48:27.850Z"}
{"level":"error","message":"Authentication Failed","timestamp":"2017-08-22T10:48:27.857Z"}
{"level":"error","message":"Authentication Failed","timestamp":"2017-08-22T10:48:27.861Z"}
{"level":"error","message":"Authentication Failed","timestamp":"2017-08-22T10:48:28.174Z"}
{"level":"error","message":"Authentication Failed","timestamp":"2017-08-22T10:48:28.175Z"}
{"level":"error","message":"Authentication Failed","timestamp":"2017-08-22T10:48:28.178Z"}
{"level":"error","message":"Authentication Failed","timestamp":"2017-08-22T10:48:28.444Z"}
{"level":"error","message":"Authentication Failed","timestamp":"2017-08-22T10:48:28.447Z"}
{"level":"error","message":"Authentication Failed","timestamp":"2017-08-22T10:48:28.447Z"}
